<html>
<body>
<pre>
<h1>µVision Build Log</h1>
<h2>Tool Versions:</h2>
IDE-Version: µVision V5.28.0.0
Copyright (C) 2019 ARM Ltd and ARM Germany GmbH. All rights reserved.
License Information: Mohammed Alrawi, University of Agder, LIC=----
 
Tool Versions:
Toolchain:       MDK-Lite  Version: 5.28.0.0
Toolchain Path:  C:\Keil_v5\ARM\ARMCC\Bin
C Compiler:      Armcc.exe V5.06 update 6 (build 750)
Assembler:       Armasm.exe V5.06 update 6 (build 750)
Linker/Locator:  ArmLink.exe V5.06 update 6 (build 750)
Library Manager: ArmAr.exe V5.06 update 6 (build 750)
Hex Converter:   FromElf.exe V5.06 update 6 (build 750)
CPU DLL:         SARMCM3.DLL V5.28.0.0
Dialog DLL:      DCM.DLL V1.17.3.0
Target DLL:      UL2CM3.DLL V1.162.16.0
Dialog DLL:      TCM.DLL V1.36.2.0
 
<h2>Project:</h2>
C:\Users\Rawi\Documents\UiA\Vår2020\ELE217\nRF5_SDK_15.3.0_59ac345\nRF5_SDK_15.3.0_59ac345\examples\myjet\Slave_nRF\CON_LAB_3.uvprojx
Project File Date:  01/10/2020

<h2>Output:</h2>
*** Using Compiler 'V5.06 update 6 (build 750)', folder: 'C:\Keil_v5\ARM\ARMCC\Bin'
Build target 'nRF52832 DK'
compiling print_server.c...
compiling boards.c...
compiling MPU6050.c...
compiling main.c...
compiling SPI.c...
SPI.c(81): error:  #20: identifier "PCAL6408_ADDRESS" is undefined
  				SLAVE_Config(PCAL6408_ADDRESS, PCAL6408_OUTPUT_REG, ~m_rx_buf[0]); 
SPI.c(81): error:  #20: identifier "PCAL6408_OUTPUT_REG" is undefined
  				SLAVE_Config(PCAL6408_ADDRESS, PCAL6408_OUTPUT_REG, ~m_rx_buf[0]); 
SPI.c: 0 warnings, 2 errors
compiling Twi_fx.c...
Twi_fx.c(59): error:  #20: identifier "PCAL6408_ADDRESS" is undefined
  		SLAVE_Config (PCAL6408_ADDRESS, PCAL6408_CONFIG_REG,PCAL6408_CONFIG_REG_VALUE);
Twi_fx.c(59): error:  #20: identifier "PCAL6408_CONFIG_REG" is undefined
  		SLAVE_Config (PCAL6408_ADDRESS, PCAL6408_CONFIG_REG,PCAL6408_CONFIG_REG_VALUE);
Twi_fx.c(59): error:  #20: identifier "PCAL6408_CONFIG_REG_VALUE" is undefined
  		SLAVE_Config (PCAL6408_ADDRESS, PCAL6408_CONFIG_REG,PCAL6408_CONFIG_REG_VALUE);
Twi_fx.c(61): error:  #20: identifier "PCAL6408_INT_MASK_REG" is undefined
  		SLAVE_Config(PCAL6408_ADDRESS,PCAL6408_INT_MASK_REG,PCAL6408_INT_MASK_VALUE);
Twi_fx.c(61): error:  #20: identifier "PCAL6408_INT_MASK_VALUE" is undefined
  		SLAVE_Config(PCAL6408_ADDRESS,PCAL6408_INT_MASK_REG,PCAL6408_INT_MASK_VALUE);
Twi_fx.c(64): error:  #20: identifier "PCAL6408_OUTPUT_REG" is undefined
  		SLAVE_Config(PCAL6408_ADDRESS, PCAL6408_OUTPUT_REG,sample_data);
Twi_fx.c: 0 warnings, 6 errors
compiling switch_monitor.c...
switch_monitor.c(50): error:  #20: identifier "PCAL6408_INT_PIN_NR" is undefined
  	nrfx_err = nrfx_gpiote_in_init(PCAL6408_INT_PIN_NR, &switch_config, SwitchMonitorInterruptCB);	
switch_monitor.c(86): error:  #20: identifier "PCAL6408_ADDRESS" is undefined
  			sample_data = SLAVE_Read (PCAL6408_ADDRESS, PCAL6408_INPUT_REG);
switch_monitor.c(86): error:  #20: identifier "PCAL6408_INPUT_REG" is undefined
  			sample_data = SLAVE_Read (PCAL6408_ADDRESS, PCAL6408_INPUT_REG);
switch_monitor.c(90): warning:  #223-D: function "CHECK_BIT" declared implicitly
  					if (CHECK_BIT(sample_data, i - 1))
switch_monitor.c: 1 warning, 3 errors
compiling app_util_platform.c...
compiling nrf_section_iter.c...
compiling nrf_drv_uart.c...
compiling nrf_drv_ppi.c...
compiling nrf_pwr_mgmt.c...
compiling nrfx_uart.c...
compiling nrfx_gpiote.c...
compiling nrfx_atomic.c...
compiling nrfx_ppi.c...
compiling nrf_atomic.c...
compiling nrfx_prs.c...
compiling nrfx_uarte.c...
compiling nrfx_saadc.c...
..\..\..\modules\nrfx\hal/nrf_saadc.h(155): error:  #20: identifier "SAADC_CH_CONFIG_TACQ_XX0us" is undefined
  	  NRF_SAADC_ACQTIME_XX0US = SAADC_CH_CONFIG_TACQ_XX0us  ///< XX0 us.
..\..\..\modules\nrfx\drivers\src\nrfx_saadc.c: 0 warnings, 1 error
compiling nrfx_timer.c...
compiling nrfx_twi.c...
compiling RTX_Conf_CM.c...
assembling arm_startup_nrf52.s...
compiling nrfx_twim.c...
compiling system_nrf52.c...
compiling nrf_drv_twi.c...
compiling nrfx_spim.c...
compiling nrfx_spi.c...
compiling nrf_drv_spis.c...
compiling nrfx_spis.c...
".\Objects\RTX_LAB_1.axf" - 12 Error(s), 1 Warning(s).

<h2>Software Packages used:</h2>

Package Vendor: ARM
                http://www.keil.com/pack/ARM.CMSIS.5.5.1.pack
                ARM.CMSIS.5.5.1
                CMSIS (Cortex Microcontroller Software Interface Standard)
   * Component: RTOS Version: 1.0.0
   * Component: CORE Version: 5.2.0
   * Component: Keil RTX Version: 4.81.1

Package Vendor: NordicSemiconductor
                http://developer.nordicsemi.com/nRF5_SDK/pieces/nRF_DeviceFamilyPack/NordicSemiconductor.nRF_DeviceFamilyPack.8.24.1.pack
                NordicSemiconductor.nRF_DeviceFamilyPack.8.24.1
                Nordic Semiconductor nRF ARM devices Device Family Pack.
   * Component: Startup Version: 8.24.1

<h2>Collection of Component include folders:</h2>
  .\RTE\_nRF52832_DK
  C:\Keil_v5\ARM\PACK\ARM\CMSIS\5.5.1\CMSIS\Core\Include
  C:\Keil_v5\ARM\PACK\ARM\CMSIS\5.5.1\CMSIS\RTOS\RTX\INC
  C:\Keil_v5\ARM\PACK\NordicSemiconductor\nRF_DeviceFamilyPack\8.24.1\Device\Include

<h2>Collection of Component Files used:</h2>

   * Component: ::CMSIS:RTOS:1.0.0 (API)

   * Component: ARM::CMSIS:CORE:5.2.0

   * Component: ARM::CMSIS:RTOS:Keil RTX:4.81.1
      Source file:   CMSIS\RTOS\RTX\UserCodeTemplates\Mutex.c
      Include file:  CMSIS\RTOS\RTX\INC\cmsis_os.h
      Source file:   CMSIS\RTOS\RTX\UserCodeTemplates\Semaphore.c
      Library file:  CMSIS\RTOS\RTX\LIB\ARM\RTX_CM4.lib
      Source file:   CMSIS\RTOS\RTX\UserCodeTemplates\MsgQueue.c
      Source file:   CMSIS\RTOS\RTX\SRC\ARM\SVC_Table.s
      Source file:   CMSIS\RTOS\RTX\UserCodeTemplates\main.c
      Source file:   CMSIS\RTOS\RTX\Templates\RTX_Conf_CM.c
      Include file:  CMSIS\RTOS\RTX\UserCodeTemplates\osObjects.h
      Source file:   CMSIS\RTOS\RTX\UserCodeTemplates\MemPool.c
      Source file:   CMSIS\RTOS\RTX\UserCodeTemplates\Thread.c
      Source file:   CMSIS\RTOS\RTX\UserCodeTemplates\Timer.c
      Source file:   CMSIS\RTOS\RTX\UserCodeTemplates\MailQueue.c

   * Component: NordicSemiconductor::Device:Startup:8.24.1
      Source file:   Device\Source\system_nrf52.c
      Include file:  Device\Include\system_nrf52.h
      Source file:   Device\Source\arm\arm_startup_nrf52.s
Target not created.
Build Time Elapsed:  00:00:24
</pre>
</body>
</html>
